app/build/intermediates/manifest_merge_blame_file/debug/manifest-merger-blame-debug-report.txt
1<?xml version="1.0" encoding="utf-8"?>
2<manifest xmlns:android="http://schemas.android.com/apk/res/android"
3    package="org.wit.archaeologicalfieldwork"
4    android:versionCode="1"
5    android:versionName="1.0" >
6
7    <uses-sdk
8        android:minSdkVersion="23"
8-->src\main\AndroidManifest.xml
9        android:targetSdkVersion="29" />
9-->src\main\AndroidManifest.xml
10
11    <uses-permission android:name="android.permission.ACCESS_FINE_LOCATION" />
11-->src\main\AndroidManifest.xml:5:5-79
11-->src\main\AndroidManifest.xml:5:22-76
12
13    <!-- Include required permissions for Google Maps API to run. -->
14    <uses-permission android:name="android.permission.ACCESS_NETWORK_STATE" />
14-->[com.google.android.gms:play-services-maps:16.1.0] AndroidManifest.xml:23:5-79
14-->[com.google.android.gms:play-services-maps:16.1.0] AndroidManifest.xml:23:22-76
15    <uses-permission android:name="android.permission.INTERNET" />
15-->[com.google.android.gms:play-services-maps:16.1.0] AndroidManifest.xml:24:5-67
15-->[com.google.android.gms:play-services-maps:16.1.0] AndroidManifest.xml:24:22-64
16
17    <uses-feature
17-->[com.google.android.gms:play-services-maps:16.1.0] AndroidManifest.xml:26:5-28:35
18        android:glEsVersion="0x00020000"
18-->[com.google.android.gms:play-services-maps:16.1.0] AndroidManifest.xml:27:9-41
19        android:required="true" />
19-->[com.google.android.gms:play-services-maps:16.1.0] AndroidManifest.xml:28:9-32
20
21    <application
21-->src\main\AndroidManifest.xml:7:5-57:19
22        android:name="org.wit.archaeologicalfieldwork.main.MainApp"
22-->src\main\AndroidManifest.xml:8:9-37
23        android:allowBackup="true"
23-->src\main\AndroidManifest.xml:9:9-35
24        android:appComponentFactory="androidx.core.app.CoreComponentFactory"
24-->[androidx.core:core:1.0.2] AndroidManifest.xml:22:18-86
25        android:debuggable="true"
26        android:icon="@mipmap/ic_launcher"
26-->src\main\AndroidManifest.xml:10:9-43
27        android:label="@string/app_name"
27-->src\main\AndroidManifest.xml:11:9-41
28        android:roundIcon="@mipmap/ic_launcher_round"
28-->src\main\AndroidManifest.xml:12:9-54
29        android:supportsRtl="true"
29-->src\main\AndroidManifest.xml:13:9-35
30        android:testOnly="true"
31        android:theme="@style/LoginPage" >
31-->src\main\AndroidManifest.xml:14:9-41
32        <activity
32-->src\main\AndroidManifest.xml:16:9-25:20
33            android:name="org.wit.archaeologicalfieldwork.activities.SplashScreenActivity"
33-->src\main\AndroidManifest.xml:17:13-60
34            android:noHistory="true"
34-->src\main\AndroidManifest.xml:18:13-37
35            android:theme="@style/SplashTheme" >
35-->src\main\AndroidManifest.xml:19:13-47
36            <intent-filter>
36-->src\main\AndroidManifest.xml:20:13-24:29
37                <action android:name="android.intent.action.MAIN" />
37-->src\main\AndroidManifest.xml:21:17-69
37-->src\main\AndroidManifest.xml:21:25-66
38
39                <category android:name="android.intent.category.LAUNCHER" />
39-->src\main\AndroidManifest.xml:23:17-77
39-->src\main\AndroidManifest.xml:23:27-74
40            </intent-filter>
41        </activity>
42        <activity
42-->src\main\AndroidManifest.xml:26:9-28:57
43            android:name="org.wit.archaeologicalfieldwork.activities.LoginActivity"
43-->src\main\AndroidManifest.xml:27:13-53
44            android:theme="@style/LoginPage" />
44-->src\main\AndroidManifest.xml:28:13-45
45        <activity
45-->src\main\AndroidManifest.xml:29:9-32:20
46            android:name="org.wit.archaeologicalfieldwork.views.hillfort.HillfortView"
46-->src\main\AndroidManifest.xml:30:13-56
47            android:theme="@style/LoginPage" >
47-->src\main\AndroidManifest.xml:31:13-45
48        </activity>
49        <activity
49-->src\main\AndroidManifest.xml:33:9-35:57
50            android:name="org.wit.archaeologicalfieldwork.activities.ForgotPasswordActivity"
50-->src\main\AndroidManifest.xml:34:13-62
51            android:theme="@style/LoginPage" />
51-->src\main\AndroidManifest.xml:35:13-45
52        <activity
52-->src\main\AndroidManifest.xml:36:9-39:20
53            android:name="org.wit.archaeologicalfieldwork.activities.SignUpActivity"
53-->src\main\AndroidManifest.xml:37:13-54
54            android:theme="@style/LoginPage" >
54-->src\main\AndroidManifest.xml:38:13-45
55        </activity>
56        <activity
56-->src\main\AndroidManifest.xml:40:9-42:20
57            android:name="org.wit.archaeologicalfieldwork.views.hillfortlist.HillfortListActivity"
57-->src\main\AndroidManifest.xml:40:19-74
58            android:theme="@style/LoginPage" >
58-->src\main\AndroidManifest.xml:41:13-45
59        </activity>
60
61        <meta-data
61-->src\main\AndroidManifest.xml:43:9-45:55
62            android:name="com.google.android.geo.API_KEY"
62-->src\main\AndroidManifest.xml:44:13-58
63            android:value="@string/google_maps_key" />
63-->src\main\AndroidManifest.xml:45:13-52
64
65        <activity
65-->src\main\AndroidManifest.xml:47:9-49:67
66            android:name="org.wit.archaeologicalfieldwork.views.editlocation.MapActivity"
66-->src\main\AndroidManifest.xml:48:13-59
67            android:label="@string/title_activity_map" />
67-->src\main\AndroidManifest.xml:49:13-55
68        <activity
68-->src\main\AndroidManifest.xml:51:9-53:57
69            android:name="org.wit.archaeologicalfieldwork.activities.SettingsActivity"
69-->src\main\AndroidManifest.xml:52:13-56
70            android:theme="@style/LoginPage" />
70-->src\main\AndroidManifest.xml:53:13-45
71        <activity
71-->src\main\AndroidManifest.xml:55:9-56:77
72            android:name="org.wit.archaeologicalfieldwork.activities.HillfortMapActivity"
72-->src\main\AndroidManifest.xml:55:19-65
73            android:label="@string/title_activity_hillfort_maps" />
73-->src\main\AndroidManifest.xml:56:13-65
74        <!-- Needs to be explicitly declared on P+ -->
75        <uses-library
75-->[com.google.android.gms:play-services-maps:16.1.0] AndroidManifest.xml:33:9-35:40
76            android:name="org.apache.http.legacy"
76-->[com.google.android.gms:play-services-maps:16.1.0] AndroidManifest.xml:34:13-50
77            android:required="false" />
77-->[com.google.android.gms:play-services-maps:16.1.0] AndroidManifest.xml:35:13-37
78
79        <activity
79-->[com.google.android.gms:play-services-base:16.0.1] AndroidManifest.xml:23:9-26:75
80            android:name="com.google.android.gms.common.api.GoogleApiActivity"
80-->[com.google.android.gms:play-services-base:16.0.1] AndroidManifest.xml:24:13-79
81            android:exported="false"
81-->[com.google.android.gms:play-services-base:16.0.1] AndroidManifest.xml:25:13-37
82            android:theme="@android:style/Theme.Translucent.NoTitleBar" />
82-->[com.google.android.gms:play-services-base:16.0.1] AndroidManifest.xml:26:13-72
83
84        <meta-data
84-->[com.google.android.gms:play-services-basement:16.0.1] AndroidManifest.xml:23:9-25:69
85            android:name="com.google.android.gms.version"
85-->[com.google.android.gms:play-services-basement:16.0.1] AndroidManifest.xml:24:13-58
86            android:value="@integer/google_play_services_version" />
86-->[com.google.android.gms:play-services-basement:16.0.1] AndroidManifest.xml:25:13-66
87    </application>
88
89</manifest>